[09-11-2025 12:46:33] PayPal\Core\PayPalHttpConnection : INFO: POST https://api.sandbox.paypal.com/v1/oauth2/token
[09-11-2025 12:46:34] PayPal\Core\PayPalHttpConnection : INFO: Response Status 	: 200
[09-11-2025 12:46:34] PayPal\Core\PayPalHttpConnection : INFO: POST https://api.sandbox.paypal.com/v1/payments/payment
[09-11-2025 12:46:35] PayPal\Core\PayPalHttpConnection : INFO: Response Status 	: 201
[09-11-2025 12:53:25] PayPal\Core\PayPalHttpConnection : INFO: POST https://api.sandbox.paypal.com/v1/payments/payment
[09-11-2025 12:53:26] PayPal\Core\PayPalHttpConnection : INFO: Response Status 	: 201
[09-11-2025 12:53:27] PayPal\Core\PayPalHttpConnection : INFO: POST https://api.sandbox.paypal.com/v1/payments/payment
[09-11-2025 12:53:28] PayPal\Core\PayPalHttpConnection : INFO: Response Status 	: 201
[09-11-2025 12:54:59] PayPal\Core\PayPalHttpConnection : INFO: GET https://api.sandbox.paypal.com/v1/payments/payment/PAYID-NEII5SA7PD878967A9715249
[09-11-2025 12:55:00] PayPal\Core\PayPalHttpConnection : INFO: Response Status 	: 200
[09-11-2025 12:55:00] PayPal\Core\PayPalHttpConnection : INFO: POST https://api.sandbox.paypal.com/v1/payments/payment/PAYID-NEII5SA7PD878967A9715249/execute
[09-11-2025 12:55:01] PayPal\Core\PayPalHttpConnection : INFO: Response Status 	: 200
[09-11-2025 12:55:59] PayPal\Core\PayPalHttpConnection : INFO: POST https://api.sandbox.paypal.com/v1/payments/payment
[09-11-2025 12:56:00] PayPal\Core\PayPalHttpConnection : INFO: Response Status 	: 201
[09-11-2025 12:56:03] PayPal\Core\PayPalHttpConnection : INFO: POST https://api.sandbox.paypal.com/v1/payments/payment
[09-11-2025 12:56:04] PayPal\Core\PayPalHttpConnection : INFO: Response Status 	: 201
[09-11-2025 12:56:58] PayPal\Core\PayPalHttpConnection : INFO: POST https://api.sandbox.paypal.com/v1/payments/payment
[09-11-2025 12:56:59] PayPal\Core\PayPalHttpConnection : INFO: Response Status 	: 201
[09-11-2025 12:57:21] PayPal\Core\PayPalHttpConnection : INFO: POST https://api.sandbox.paypal.com/v1/payments/payment
[09-11-2025 12:57:22] PayPal\Core\PayPalHttpConnection : INFO: Response Status 	: 201
[09-11-2025 12:57:28] PayPal\Core\PayPalHttpConnection : INFO: GET https://api.sandbox.paypal.com/v1/payments/payment/PAYID-NEII7MQ230603599N311103K
[09-11-2025 12:57:29] PayPal\Core\PayPalHttpConnection : INFO: Response Status 	: 200
[09-11-2025 12:57:29] PayPal\Core\PayPalHttpConnection : INFO: POST https://api.sandbox.paypal.com/v1/payments/payment/PAYID-NEII7MQ230603599N311103K/execute
[09-11-2025 12:57:30] PayPal\Core\PayPalHttpConnection : INFO: Response Status 	: 200
[09-11-2025 13:00:16] PayPal\Core\PayPalHttpConnection : INFO: POST https://api.sandbox.paypal.com/v1/payments/payment
[09-11-2025 13:00:17] PayPal\Core\PayPalHttpConnection : INFO: Response Status 	: 201
[09-11-2025 13:00:26] PayPal\Core\PayPalHttpConnection : INFO: GET https://api.sandbox.paypal.com/v1/payments/payment/PAYID-NEIJAYI6EK49041RU554035H
[09-11-2025 13:00:26] PayPal\Core\PayPalHttpConnection : INFO: Response Status 	: 200
[09-11-2025 13:00:27] PayPal\Core\PayPalHttpConnection : INFO: POST https://api.sandbox.paypal.com/v1/payments/payment/PAYID-NEIJAYI6EK49041RU554035H/execute
[09-11-2025 13:00:28] PayPal\Core\PayPalHttpConnection : INFO: Response Status 	: 200
[09-11-2025 13:01:50] PayPal\Core\PayPalHttpConnection : INFO: POST https://api.sandbox.paypal.com/v1/payments/payment
[09-11-2025 13:01:51] PayPal\Core\PayPalHttpConnection : INFO: Response Status 	: 201
[09-11-2025 13:01:58] PayPal\Core\PayPalHttpConnection : INFO: GET https://api.sandbox.paypal.com/v1/payments/payment/PAYID-NEIJBPY8VY31339PG884204W
[09-11-2025 13:01:59] PayPal\Core\PayPalHttpConnection : INFO: Response Status 	: 200
[09-11-2025 13:01:59] PayPal\Core\PayPalHttpConnection : INFO: POST https://api.sandbox.paypal.com/v1/payments/payment/PAYID-NEIJBPY8VY31339PG884204W/execute
[09-11-2025 13:02:00] PayPal\Core\PayPalHttpConnection : INFO: Response Status 	: 200
[09-11-2025 13:08:13] PayPal\Core\PayPalHttpConnection : INFO: POST https://api.sandbox.paypal.com/v1/payments/payment
[09-11-2025 13:08:14] PayPal\Core\PayPalHttpConnection : INFO: Response Status 	: 201
[10-11-2025 00:51:55] PayPal\Core\PayPalHttpConnection : INFO: POST https://api.sandbox.paypal.com/v1/oauth2/token
[10-11-2025 00:51:56] PayPal\Core\PayPalHttpConnection : INFO: Response Status 	: 200
[10-11-2025 00:51:56] PayPal\Core\PayPalHttpConnection : INFO: POST https://api.sandbox.paypal.com/v1/payments/payment
[10-11-2025 00:51:57] PayPal\Core\PayPalHttpConnection : INFO: Response Status 	: 201
[10-11-2025 00:52:58] PayPal\Core\PayPalHttpConnection : INFO: POST https://api.sandbox.paypal.com/v1/payments/payment
[10-11-2025 00:52:59] PayPal\Core\PayPalHttpConnection : INFO: Response Status 	: 201
[24-11-2025 16:50:21] PayPal\Core\PayPalHttpConnection : INFO: POST https://api.sandbox.paypal.com/v1/oauth2/token
[24-11-2025 16:50:22] PayPal\Core\PayPalHttpConnection : INFO: Response Status 	: 200
[24-11-2025 16:50:22] PayPal\Core\PayPalHttpConnection : INFO: POST https://api.sandbox.paypal.com/v1/payments/payment
[24-11-2025 16:50:23] PayPal\Core\PayPalHttpConnection : INFO: Response Status 	: 201
[27-11-2025 15:42:39] PayPal\Core\PayPalHttpConnection : INFO: POST https://api.sandbox.paypal.com/v1/oauth2/token
[27-11-2025 15:42:40] PayPal\Core\PayPalHttpConnection : INFO: Response Status 	: 200
[27-11-2025 15:42:40] PayPal\Core\PayPalHttpConnection : INFO: POST https://api.sandbox.paypal.com/v1/payments/payment
[27-11-2025 15:42:41] PayPal\Core\PayPalHttpConnection : INFO: Response Status 	: 400
[27-11-2025 15:42:41] PayPal\Core\PayPalHttpConnection : ERROR: Got Http response code 400 when accessing https://api.sandbox.paypal.com/v1/payments/payment. {"name":"VALIDATION_ERROR","details":[{"field":"transactions[0].amount","issue":"Transaction amount details (subtotal, tax, shipping) must add up to specified amount total"}],"message":"Invalid request - see details","information_link":"https://developer.paypal.com/docs/api/payments/v1/#error-VALIDATION_ERROR","debug_id":"f732d58a07d5c"}
[27-11-2025 15:43:03] PayPal\Core\PayPalHttpConnection : INFO: POST https://api.sandbox.paypal.com/v1/payments/payment
[27-11-2025 15:43:03] PayPal\Core\PayPalHttpConnection : INFO: Response Status 	: 400
[27-11-2025 15:43:03] PayPal\Core\PayPalHttpConnection : ERROR: Got Http response code 400 when accessing https://api.sandbox.paypal.com/v1/payments/payment. {"name":"VALIDATION_ERROR","details":[{"field":"transactions[0].amount","issue":"Transaction amount details (subtotal, tax, shipping) must add up to specified amount total"}],"message":"Invalid request - see details","information_link":"https://developer.paypal.com/docs/api/payments/v1/#error-VALIDATION_ERROR","debug_id":"ab9e32371f0b1"}
[27-11-2025 15:44:10] PayPal\Core\PayPalHttpConnection : INFO: POST https://api.sandbox.paypal.com/v1/payments/payment
[27-11-2025 15:44:11] PayPal\Core\PayPalHttpConnection : INFO: Response Status 	: 400
[27-11-2025 15:44:11] PayPal\Core\PayPalHttpConnection : ERROR: Got Http response code 400 when accessing https://api.sandbox.paypal.com/v1/payments/payment. {"name":"VALIDATION_ERROR","details":[{"field":"transactions[0].amount","issue":"Transaction amount details (subtotal, tax, shipping) must add up to specified amount total"}],"message":"Invalid request - see details","information_link":"https://developer.paypal.com/docs/api/payments/v1/#error-VALIDATION_ERROR","debug_id":"dafee9a7e2fcd"}
[27-11-2025 15:44:48] PayPal\Core\PayPalHttpConnection : INFO: POST https://api.sandbox.paypal.com/v1/payments/payment
[27-11-2025 15:44:49] PayPal\Core\PayPalHttpConnection : INFO: Response Status 	: 400
[27-11-2025 15:44:49] PayPal\Core\PayPalHttpConnection : ERROR: Got Http response code 400 when accessing https://api.sandbox.paypal.com/v1/payments/payment. {"name":"VALIDATION_ERROR","details":[{"field":"transactions[0].amount","issue":"Transaction amount details (subtotal, tax, shipping) must add up to specified amount total"}],"message":"Invalid request - see details","information_link":"https://developer.paypal.com/docs/api/payments/v1/#error-VALIDATION_ERROR","debug_id":"16048911a90e9"}
[28-11-2025 01:42:37] PayPal\Core\PayPalHttpConnection : INFO: POST https://api.sandbox.paypal.com/v1/oauth2/token
[28-11-2025 01:42:38] PayPal\Core\PayPalHttpConnection : INFO: Response Status 	: 200
[28-11-2025 01:42:38] PayPal\Core\PayPalHttpConnection : INFO: POST https://api.sandbox.paypal.com/v1/payments/payment
[28-11-2025 01:42:39] PayPal\Core\PayPalHttpConnection : INFO: Response Status 	: 400
[28-11-2025 01:42:39] PayPal\Core\PayPalHttpConnection : ERROR: Got Http response code 400 when accessing https://api.sandbox.paypal.com/v1/payments/payment. {"name":"VALIDATION_ERROR","details":[{"field":"transactions[0].amount","issue":"Transaction amount details (subtotal, tax, shipping) must add up to specified amount total"}],"message":"Invalid request - see details","information_link":"https://developer.paypal.com/docs/api/payments/v1/#error-VALIDATION_ERROR","debug_id":"d93779c96488f"}
[28-11-2025 02:21:31] PayPal\Core\PayPalHttpConnection : INFO: POST https://api.sandbox.paypal.com/v1/payments/payment
[28-11-2025 02:21:32] PayPal\Core\PayPalHttpConnection : INFO: Response Status 	: 201[29-11-2025 03:53:53] PayPal\Core\PayPalHttpConnection : INFO: POST https://api.sandbox.paypal.com/v1/oauth2/token
[29-11-2025 03:53:54] PayPal\Core\PayPalHttpConnection : INFO: Response Status 	: 200
[29-11-2025 03:53:54] PayPal\Core\PayPalHttpConnection : INFO: POST https://api.sandbox.paypal.com/v1/payments/payment
[29-11-2025 03:53:55] PayPal\Core\PayPalHttpConnection : INFO: Response Status 	: 201
[29-11-2025 04:28:02] PayPal\Core\PayPalHttpConnection : INFO: POST https://api.sandbox.paypal.com/v1/payments/payment
[29-11-2025 04:28:04] PayPal\Core\PayPalHttpConnection : INFO: Response Status 	: 201
[29-11-2025 05:28:45] PayPal\Core\PayPalHttpConnection : INFO: POST https://api.sandbox.paypal.com/v1/payments/payment
[29-11-2025 05:28:46] PayPal\Core\PayPalHttpConnection : INFO: Response Status 	: 201
